<?xml version="1.0" encoding="UTF-8"?>
<!-- Generated by org.testng.reporters.JUnitReportReporter -->
<testsuite skipped="0" hostname="MEHAVARNAN" name="com.orangehrm.hrmdemo.Test1" tests="1" failures="0" timestamp="04 Jun 2018 18:22:45 GMT" time="7.241" errors="0">
  <testcase name="login" time="7.241" classname="com.orangehrm.hrmdemo.Test1"/>
</testsuite> <!-- com.orangehrm.hrmdemo.Test1 -->
